/!\ FAILSAFE /!\  Thu Sep 02 16:27:52 +0100 2010
  Status: 500 Internal Server Error
  no such file to load -- sqlite3/sqlite3_native
    C:/ruby/lib/ruby/site_ruby/1.8/rubygems/custom_require.rb:31:in `gem_original_require'
    C:/ruby/lib/ruby/site_ruby/1.8/rubygems/custom_require.rb:31:in `require'
    C:/ruby/lib/ruby/gems/1.8/gems/activesupport-2.3.8/lib/active_support/dependencies.rb:156:in `require'
    C:/ruby/lib/ruby/gems/1.8/gems/activesupport-2.3.8/lib/active_support/dependencies.rb:521:in `new_constants_in'
    C:/ruby/lib/ruby/gems/1.8/gems/activesupport-2.3.8/lib/active_support/dependencies.rb:156:in `require'
    C:/ruby/lib/ruby/gems/1.8/gems/sqlite3-ruby-1.3.1-x86-mswin32-60/lib/sqlite3.rb:6
    C:/ruby/lib/ruby/site_ruby/1.8/rubygems/custom_require.rb:36:in `gem_original_require'
    C:/ruby/lib/ruby/site_ruby/1.8/rubygems/custom_require.rb:36:in `require'
    C:/ruby/lib/ruby/gems/1.8/gems/activesupport-2.3.8/lib/active_support/dependencies.rb:156:in `require'
    C:/ruby/lib/ruby/gems/1.8/gems/activesupport-2.3.8/lib/active_support/dependencies.rb:521:in `new_constants_in'
    C:/ruby/lib/ruby/gems/1.8/gems/activesupport-2.3.8/lib/active_support/dependencies.rb:156:in `require'
    C:/ruby/lib/ruby/gems/1.8/gems/activesupport-2.3.8/lib/active_support/core_ext/kernel/requires.rb:7:in `require_library_or_gem'
    C:/ruby/lib/ruby/gems/1.8/gems/activesupport-2.3.8/lib/active_support/core_ext/kernel/reporting.rb:11:in `silence_warnings'
    C:/ruby/lib/ruby/gems/1.8/gems/activesupport-2.3.8/lib/active_support/core_ext/kernel/requires.rb:5:in `require_library_or_gem'
    C:/ruby/lib/ruby/gems/1.8/gems/activerecord-2.3.8/lib/active_record/connection_adapters/sqlite3_adapter.rb:10:in `sqlite3_connection'
    C:/ruby/lib/ruby/gems/1.8/gems/activerecord-2.3.8/lib/active_record/connection_adapters/abstract/connection_pool.rb:223:in `send'
    C:/ruby/lib/ruby/gems/1.8/gems/activerecord-2.3.8/lib/active_record/connection_adapters/abstract/connection_pool.rb:223:in `new_connection'
    C:/ruby/lib/ruby/gems/1.8/gems/activerecord-2.3.8/lib/active_record/connection_adapters/abstract/connection_pool.rb:245:in `checkout_new_connection'
    C:/ruby/lib/ruby/gems/1.8/gems/activerecord-2.3.8/lib/active_record/connection_adapters/abstract/connection_pool.rb:188:in `checkout'
    C:/ruby/lib/ruby/gems/1.8/gems/activerecord-2.3.8/lib/active_record/connection_adapters/abstract/connection_pool.rb:184:in `loop'
    C:/ruby/lib/ruby/gems/1.8/gems/activerecord-2.3.8/lib/active_record/connection_adapters/abstract/connection_pool.rb:184:in `checkout'
    C:/ruby/lib/ruby/1.8/monitor.rb:242:in `synchronize'
    C:/ruby/lib/ruby/gems/1.8/gems/activerecord-2.3.8/lib/active_record/connection_adapters/abstract/connection_pool.rb:183:in `checkout'
    C:/ruby/lib/ruby/gems/1.8/gems/activerecord-2.3.8/lib/active_record/connection_adapters/abstract/connection_pool.rb:98:in `connection'
    C:/ruby/lib/ruby/gems/1.8/gems/activerecord-2.3.8/lib/active_record/connection_adapters/abstract/connection_pool.rb:326:in `retrieve_connection'
    C:/ruby/lib/ruby/gems/1.8/gems/activerecord-2.3.8/lib/active_record/connection_adapters/abstract/connection_specification.rb:123:in `retrieve_connection'
    C:/ruby/lib/ruby/gems/1.8/gems/activerecord-2.3.8/lib/active_record/connection_adapters/abstract/connection_specification.rb:115:in `connection'
    C:/ruby/lib/ruby/gems/1.8/gems/activerecord-2.3.8/lib/active_record/query_cache.rb:9:in `cache'
    C:/ruby/lib/ruby/gems/1.8/gems/activerecord-2.3.8/lib/active_record/query_cache.rb:28:in `call'
    C:/ruby/lib/ruby/gems/1.8/gems/activerecord-2.3.8/lib/active_record/connection_adapters/abstract/connection_pool.rb:361:in `call'
    C:/ruby/lib/ruby/gems/1.8/gems/actionpack-2.3.8/lib/action_controller/string_coercion.rb:25:in `call'
    C:/ruby/lib/ruby/gems/1.8/gems/rack-1.1.0/lib/rack/head.rb:9:in `call'
    C:/ruby/lib/ruby/gems/1.8/gems/rack-1.1.0/lib/rack/methodoverride.rb:24:in `call'
    C:/ruby/lib/ruby/gems/1.8/gems/actionpack-2.3.8/lib/action_controller/params_parser.rb:15:in `call'
    C:/ruby/lib/ruby/gems/1.8/gems/actionpack-2.3.8/lib/action_controller/session/cookie_store.rb:99:in `call'
    C:/ruby/lib/ruby/gems/1.8/gems/actionpack-2.3.8/lib/action_controller/failsafe.rb:26:in `call'
    C:/ruby/lib/ruby/gems/1.8/gems/rack-1.1.0/lib/rack/lock.rb:11:in `call'
    C:/ruby/lib/ruby/gems/1.8/gems/rack-1.1.0/lib/rack/lock.rb:11:in `synchronize'
    C:/ruby/lib/ruby/gems/1.8/gems/rack-1.1.0/lib/rack/lock.rb:11:in `call'
    C:/ruby/lib/ruby/gems/1.8/gems/actionpack-2.3.8/lib/action_controller/dispatcher.rb:114:in `call'
    C:/ruby/lib/ruby/gems/1.8/gems/actionpack-2.3.8/lib/action_controller/reloader.rb:34:in `run'
    C:/ruby/lib/ruby/gems/1.8/gems/actionpack-2.3.8/lib/action_controller/dispatcher.rb:108:in `call'
    C:/ruby/lib/ruby/gems/1.8/gems/rails-2.3.8/lib/rails/rack/static.rb:31:in `call'
    C:/ruby/lib/ruby/gems/1.8/gems/rack-1.1.0/lib/rack/urlmap.rb:47:in `call'
    C:/ruby/lib/ruby/gems/1.8/gems/rack-1.1.0/lib/rack/urlmap.rb:41:in `each'
    C:/ruby/lib/ruby/gems/1.8/gems/rack-1.1.0/lib/rack/urlmap.rb:41:in `call'
    C:/ruby/lib/ruby/gems/1.8/gems/rails-2.3.8/lib/rails/rack/log_tailer.rb:17:in `call'
    C:/ruby/lib/ruby/gems/1.8/gems/rack-1.1.0/lib/rack/content_length.rb:13:in `call'
    C:/ruby/lib/ruby/gems/1.8/gems/rack-1.1.0/lib/rack/handler/webrick.rb:48:in `service'
    C:/ruby/lib/ruby/1.8/webrick/httpserver.rb:104:in `service'
    C:/ruby/lib/ruby/1.8/webrick/httpserver.rb:65:in `run'
    C:/ruby/lib/ruby/1.8/webrick/server.rb:173:in `start_thread'
    C:/ruby/lib/ruby/1.8/webrick/server.rb:162:in `start'
    C:/ruby/lib/ruby/1.8/webrick/server.rb:162:in `start_thread'
    C:/ruby/lib/ruby/1.8/webrick/server.rb:95:in `start'
    C:/ruby/lib/ruby/1.8/webrick/server.rb:92:in `each'
    C:/ruby/lib/ruby/1.8/webrick/server.rb:92:in `start'
    C:/ruby/lib/ruby/1.8/webrick/server.rb:23:in `start'
    C:/ruby/lib/ruby/1.8/webrick/server.rb:82:in `start'
    C:/ruby/lib/ruby/gems/1.8/gems/rack-1.1.0/lib/rack/handler/webrick.rb:14:in `run'
    C:/ruby/lib/ruby/gems/1.8/gems/rails-2.3.8/lib/commands/server.rb:111
    C:/ruby/lib/ruby/site_ruby/1.8/rubygems/custom_require.rb:31:in `gem_original_require'
    C:/ruby/lib/ruby/site_ruby/1.8/rubygems/custom_require.rb:31:in `require'
    C:/Documents and Settings/filip/RubymineProjects/RandomAlbumRecommender/script/server:3
    -e:1:in `load'
    -e:1


Processing ApplicationController#index (for 127.0.0.1 at 2010-09-02 16:29:46) [GET]

ActionController::RoutingError (No route matches "/AlbumRecommenderController" with {:method=>:get}):
  C:/ruby/lib/ruby/1.8/webrick/httpserver.rb:104:in `service'
  C:/ruby/lib/ruby/1.8/webrick/httpserver.rb:65:in `run'
  C:/ruby/lib/ruby/1.8/webrick/server.rb:173:in `start_thread'
  C:/ruby/lib/ruby/1.8/webrick/server.rb:162:in `start'
  C:/ruby/lib/ruby/1.8/webrick/server.rb:162:in `start_thread'
  C:/ruby/lib/ruby/1.8/webrick/server.rb:95:in `start'
  C:/ruby/lib/ruby/1.8/webrick/server.rb:92:in `each'
  C:/ruby/lib/ruby/1.8/webrick/server.rb:92:in `start'
  C:/ruby/lib/ruby/1.8/webrick/server.rb:23:in `start'
  C:/ruby/lib/ruby/1.8/webrick/server.rb:82:in `start'
  -e:1:in `load'
  -e:1

Rendering rescues/layout (not_found)


Processing ApplicationController#index (for 127.0.0.1 at 2010-09-02 16:30:28) [GET]

ActionController::RoutingError (No route matches "/album_recommender_controller" with {:method=>:get}):
  C:/ruby/lib/ruby/1.8/webrick/httpserver.rb:104:in `service'
  C:/ruby/lib/ruby/1.8/webrick/httpserver.rb:65:in `run'
  C:/ruby/lib/ruby/1.8/webrick/server.rb:173:in `start_thread'
  C:/ruby/lib/ruby/1.8/webrick/server.rb:162:in `start'
  C:/ruby/lib/ruby/1.8/webrick/server.rb:162:in `start_thread'
  C:/ruby/lib/ruby/1.8/webrick/server.rb:95:in `start'
  C:/ruby/lib/ruby/1.8/webrick/server.rb:92:in `each'
  C:/ruby/lib/ruby/1.8/webrick/server.rb:92:in `start'
  C:/ruby/lib/ruby/1.8/webrick/server.rb:23:in `start'
  C:/ruby/lib/ruby/1.8/webrick/server.rb:82:in `start'
  -e:1:in `load'
  -e:1

Rendering rescues/layout (not_found)


Processing ApplicationController#index (for 127.0.0.1 at 2010-09-02 16:30:44) [GET]

ActionController::RoutingError (No route matches "/AlbumRecommenderController" with {:method=>:get}):
  C:/ruby/lib/ruby/1.8/webrick/httpserver.rb:104:in `service'
  C:/ruby/lib/ruby/1.8/webrick/httpserver.rb:65:in `run'
  C:/ruby/lib/ruby/1.8/webrick/server.rb:173:in `start_thread'
  C:/ruby/lib/ruby/1.8/webrick/server.rb:162:in `start'
  C:/ruby/lib/ruby/1.8/webrick/server.rb:162:in `start_thread'
  C:/ruby/lib/ruby/1.8/webrick/server.rb:95:in `start'
  C:/ruby/lib/ruby/1.8/webrick/server.rb:92:in `each'
  C:/ruby/lib/ruby/1.8/webrick/server.rb:92:in `start'
  C:/ruby/lib/ruby/1.8/webrick/server.rb:23:in `start'
  C:/ruby/lib/ruby/1.8/webrick/server.rb:82:in `start'
  -e:1:in `load'
  -e:1

Rendering rescues/layout (not_found)


Processing ApplicationController#index (for 127.0.0.1 at 2010-09-02 16:30:49) [GET]

ActionController::RoutingError (No route matches "/AlbumRecommenderController/" with {:method=>:get}):
  C:/ruby/lib/ruby/1.8/webrick/httpserver.rb:104:in `service'
  C:/ruby/lib/ruby/1.8/webrick/httpserver.rb:65:in `run'
  C:/ruby/lib/ruby/1.8/webrick/server.rb:173:in `start_thread'
  C:/ruby/lib/ruby/1.8/webrick/server.rb:162:in `start'
  C:/ruby/lib/ruby/1.8/webrick/server.rb:162:in `start_thread'
  C:/ruby/lib/ruby/1.8/webrick/server.rb:95:in `start'
  C:/ruby/lib/ruby/1.8/webrick/server.rb:92:in `each'
  C:/ruby/lib/ruby/1.8/webrick/server.rb:92:in `start'
  C:/ruby/lib/ruby/1.8/webrick/server.rb:23:in `start'
  C:/ruby/lib/ruby/1.8/webrick/server.rb:82:in `start'
  -e:1:in `load'
  -e:1

Rendering rescues/layout (not_found)


Processing ApplicationController#index (for 127.0.0.1 at 2010-09-02 16:31:31) [GET]

ActionController::RoutingError (No route matches "/AlbumRecommendserController/" with {:method=>:get}):
  C:/ruby/lib/ruby/1.8/webrick/httpserver.rb:104:in `service'
  C:/ruby/lib/ruby/1.8/webrick/httpserver.rb:65:in `run'
  C:/ruby/lib/ruby/1.8/webrick/server.rb:173:in `start_thread'
  C:/ruby/lib/ruby/1.8/webrick/server.rb:162:in `start'
  C:/ruby/lib/ruby/1.8/webrick/server.rb:162:in `start_thread'
  C:/ruby/lib/ruby/1.8/webrick/server.rb:95:in `start'
  C:/ruby/lib/ruby/1.8/webrick/server.rb:92:in `each'
  C:/ruby/lib/ruby/1.8/webrick/server.rb:92:in `start'
  C:/ruby/lib/ruby/1.8/webrick/server.rb:23:in `start'
  C:/ruby/lib/ruby/1.8/webrick/server.rb:82:in `start'
  -e:1:in `load'
  -e:1

Rendering rescues/layout (not_found)


Processing ApplicationController#index (for 127.0.0.1 at 2010-09-02 16:31:43) [GET]

ActionController::RoutingError (No route matches "/AlbumRecommenderController/" with {:method=>:get}):
  C:/ruby/lib/ruby/1.8/webrick/httpserver.rb:104:in `service'
  C:/ruby/lib/ruby/1.8/webrick/httpserver.rb:65:in `run'
  C:/ruby/lib/ruby/1.8/webrick/server.rb:173:in `start_thread'
  C:/ruby/lib/ruby/1.8/webrick/server.rb:162:in `start'
  C:/ruby/lib/ruby/1.8/webrick/server.rb:162:in `start_thread'
  C:/ruby/lib/ruby/1.8/webrick/server.rb:95:in `start'
  C:/ruby/lib/ruby/1.8/webrick/server.rb:92:in `each'
  C:/ruby/lib/ruby/1.8/webrick/server.rb:92:in `start'
  C:/ruby/lib/ruby/1.8/webrick/server.rb:23:in `start'
  C:/ruby/lib/ruby/1.8/webrick/server.rb:82:in `start'
  -e:1:in `load'
  -e:1

Rendering rescues/layout (not_found)


Processing ApplicationController#index (for 127.0.0.1 at 2010-09-02 16:32:01) [GET]

ActionController::RoutingError (No route matches "/AlbumRecommenderController/index" with {:method=>:get}):
  C:/ruby/lib/ruby/1.8/webrick/httpserver.rb:104:in `service'
  C:/ruby/lib/ruby/1.8/webrick/httpserver.rb:65:in `run'
  C:/ruby/lib/ruby/1.8/webrick/server.rb:173:in `start_thread'
  C:/ruby/lib/ruby/1.8/webrick/server.rb:162:in `start'
  C:/ruby/lib/ruby/1.8/webrick/server.rb:162:in `start_thread'
  C:/ruby/lib/ruby/1.8/webrick/server.rb:95:in `start'
  C:/ruby/lib/ruby/1.8/webrick/server.rb:92:in `each'
  C:/ruby/lib/ruby/1.8/webrick/server.rb:92:in `start'
  C:/ruby/lib/ruby/1.8/webrick/server.rb:23:in `start'
  C:/ruby/lib/ruby/1.8/webrick/server.rb:82:in `start'
  -e:1:in `load'
  -e:1

Rendering rescues/layout (not_found)


Processing ApplicationController#index (for 127.0.0.1 at 2010-09-02 16:32:05) [GET]

ActionController::RoutingError (No route matches "/AlbumRecommenderController" with {:method=>:get}):
  C:/ruby/lib/ruby/1.8/webrick/httpserver.rb:104:in `service'
  C:/ruby/lib/ruby/1.8/webrick/httpserver.rb:65:in `run'
  C:/ruby/lib/ruby/1.8/webrick/server.rb:173:in `start_thread'
  C:/ruby/lib/ruby/1.8/webrick/server.rb:162:in `start'
  C:/ruby/lib/ruby/1.8/webrick/server.rb:162:in `start_thread'
  C:/ruby/lib/ruby/1.8/webrick/server.rb:95:in `start'
  C:/ruby/lib/ruby/1.8/webrick/server.rb:92:in `each'
  C:/ruby/lib/ruby/1.8/webrick/server.rb:92:in `start'
  C:/ruby/lib/ruby/1.8/webrick/server.rb:23:in `start'
  C:/ruby/lib/ruby/1.8/webrick/server.rb:82:in `start'
  -e:1:in `load'
  -e:1

Rendering rescues/layout (not_found)


Processing ApplicationController#index (for 127.0.0.1 at 2010-09-02 16:33:06) [GET]

ActionController::RoutingError (No route matches "/AlbumRecommenderController" with {:method=>:get}):
  C:/ruby/lib/ruby/1.8/webrick/httpserver.rb:104:in `service'
  C:/ruby/lib/ruby/1.8/webrick/httpserver.rb:65:in `run'
  C:/ruby/lib/ruby/1.8/webrick/server.rb:173:in `start_thread'
  C:/ruby/lib/ruby/1.8/webrick/server.rb:162:in `start'
  C:/ruby/lib/ruby/1.8/webrick/server.rb:162:in `start_thread'
  C:/ruby/lib/ruby/1.8/webrick/server.rb:95:in `start'
  C:/ruby/lib/ruby/1.8/webrick/server.rb:92:in `each'
  C:/ruby/lib/ruby/1.8/webrick/server.rb:92:in `start'
  C:/ruby/lib/ruby/1.8/webrick/server.rb:23:in `start'
  C:/ruby/lib/ruby/1.8/webrick/server.rb:82:in `start'
  -e:1:in `load'
  -e:1

Rendering rescues/layout (not_found)


Processing ApplicationController#index (for 127.0.0.1 at 2010-09-02 16:33:08) [GET]

ActionController::RoutingError (No route matches "/AlbumRecommender" with {:method=>:get}):
  C:/ruby/lib/ruby/1.8/webrick/httpserver.rb:104:in `service'
  C:/ruby/lib/ruby/1.8/webrick/httpserver.rb:65:in `run'
  C:/ruby/lib/ruby/1.8/webrick/server.rb:173:in `start_thread'
  C:/ruby/lib/ruby/1.8/webrick/server.rb:162:in `start'
  C:/ruby/lib/ruby/1.8/webrick/server.rb:162:in `start_thread'
  C:/ruby/lib/ruby/1.8/webrick/server.rb:95:in `start'
  C:/ruby/lib/ruby/1.8/webrick/server.rb:92:in `each'
  C:/ruby/lib/ruby/1.8/webrick/server.rb:92:in `start'
  C:/ruby/lib/ruby/1.8/webrick/server.rb:23:in `start'
  C:/ruby/lib/ruby/1.8/webrick/server.rb:82:in `start'
  -e:1:in `load'
  -e:1

Rendering rescues/layout (not_found)


Processing ApplicationController#index (for 127.0.0.1 at 2010-09-02 16:33:17) [GET]

ActionController::RoutingError (No route matches "/AlbumRecommender/index" with {:method=>:get}):
  C:/ruby/lib/ruby/1.8/webrick/httpserver.rb:104:in `service'
  C:/ruby/lib/ruby/1.8/webrick/httpserver.rb:65:in `run'
  C:/ruby/lib/ruby/1.8/webrick/server.rb:173:in `start_thread'
  C:/ruby/lib/ruby/1.8/webrick/server.rb:162:in `start'
  C:/ruby/lib/ruby/1.8/webrick/server.rb:162:in `start_thread'
  C:/ruby/lib/ruby/1.8/webrick/server.rb:95:in `start'
  C:/ruby/lib/ruby/1.8/webrick/server.rb:92:in `each'
  C:/ruby/lib/ruby/1.8/webrick/server.rb:92:in `start'
  C:/ruby/lib/ruby/1.8/webrick/server.rb:23:in `start'
  C:/ruby/lib/ruby/1.8/webrick/server.rb:82:in `start'
  -e:1:in `load'
  -e:1

Rendering rescues/layout (not_found)


Processing AlbumRecommenderController#index (for 127.0.0.1 at 2010-09-02 16:33:28) [GET]
Rendering album_recommender/index
Completed in 125ms (View: 125, DB: 0) | 200 OK [http://localhost/album_recommender]


Processing AlbumRecommenderController#index (for 127.0.0.1 at 2010-09-02 16:36:13) [GET]
Rendering album_recommender/index

ActionView::TemplateError (undefined local variable or method `release' for #<ActionView::Base:0x468fc50>) on line #3 of app/views/album_recommender/index.html.erb:
1: <html>
2: <body>
3: <%= release.title %>
4: </body>
5: </html>

    app/views/album_recommender/index.html.erb:3
    C:/ruby/lib/ruby/1.8/webrick/httpserver.rb:104:in `service'
    C:/ruby/lib/ruby/1.8/webrick/httpserver.rb:65:in `run'
    C:/ruby/lib/ruby/1.8/webrick/server.rb:173:in `start_thread'
    C:/ruby/lib/ruby/1.8/webrick/server.rb:162:in `start'
    C:/ruby/lib/ruby/1.8/webrick/server.rb:162:in `start_thread'
    C:/ruby/lib/ruby/1.8/webrick/server.rb:95:in `start'
    C:/ruby/lib/ruby/1.8/webrick/server.rb:92:in `each'
    C:/ruby/lib/ruby/1.8/webrick/server.rb:92:in `start'
    C:/ruby/lib/ruby/1.8/webrick/server.rb:23:in `start'
    C:/ruby/lib/ruby/1.8/webrick/server.rb:82:in `start'
    -e:1:in `load'
    -e:1

Rendered rescues/_trace (125.0ms)
Rendered rescues/_request_and_response (15.0ms)
Rendering rescues/layout (internal_server_error)


Processing AlbumRecommenderController#index (for 127.0.0.1 at 2010-09-02 16:36:26) [GET]
Rendering album_recommender/index
Completed in 78ms (View: 16, DB: 0) | 200 OK [http://localhost/album_recommender]


Processing AlbumRecommenderController#index (for 127.0.0.1 at 2010-09-02 16:37:28) [GET]

NameError (undefined local variable or method `client' for #<AlbumRecommenderController:0x4829700>):
  app/controllers/album_recommender_controller.rb:6:in `index'
  C:/ruby/lib/ruby/1.8/webrick/httpserver.rb:104:in `service'
  C:/ruby/lib/ruby/1.8/webrick/httpserver.rb:65:in `run'
  C:/ruby/lib/ruby/1.8/webrick/server.rb:173:in `start_thread'
  C:/ruby/lib/ruby/1.8/webrick/server.rb:162:in `start'
  C:/ruby/lib/ruby/1.8/webrick/server.rb:162:in `start_thread'
  C:/ruby/lib/ruby/1.8/webrick/server.rb:95:in `start'
  C:/ruby/lib/ruby/1.8/webrick/server.rb:92:in `each'
  C:/ruby/lib/ruby/1.8/webrick/server.rb:92:in `start'
  C:/ruby/lib/ruby/1.8/webrick/server.rb:23:in `start'
  C:/ruby/lib/ruby/1.8/webrick/server.rb:82:in `start'
  -e:1:in `load'
  -e:1

Rendered rescues/_trace (46.0ms)
Rendered rescues/_request_and_response (0.0ms)
Rendering rescues/layout (internal_server_error)


Processing AlbumRecommenderController#index (for 127.0.0.1 at 2010-09-02 16:37:39) [GET]

NameError (undefined local variable or method `client' for #<AlbumRecommenderController:0x46fe600>):
  app/controllers/album_recommender_controller.rb:6:in `index'
  C:/ruby/lib/ruby/1.8/webrick/httpserver.rb:104:in `service'
  C:/ruby/lib/ruby/1.8/webrick/httpserver.rb:65:in `run'
  C:/ruby/lib/ruby/1.8/webrick/server.rb:173:in `start_thread'
  C:/ruby/lib/ruby/1.8/webrick/server.rb:162:in `start'
  C:/ruby/lib/ruby/1.8/webrick/server.rb:162:in `start_thread'
  C:/ruby/lib/ruby/1.8/webrick/server.rb:95:in `start'
  C:/ruby/lib/ruby/1.8/webrick/server.rb:92:in `each'
  C:/ruby/lib/ruby/1.8/webrick/server.rb:92:in `start'
  C:/ruby/lib/ruby/1.8/webrick/server.rb:23:in `start'
  C:/ruby/lib/ruby/1.8/webrick/server.rb:82:in `start'
  -e:1:in `load'
  -e:1

Rendered rescues/_trace (31.0ms)
Rendered rescues/_request_and_response (0.0ms)
Rendering rescues/layout (internal_server_error)


Processing AlbumRecommenderController#index (for 127.0.0.1 at 2010-09-02 16:37:47) [GET]

NameError (undefined local variable or method `client' for #<AlbumRecommenderController:0x47f3e84>):
  app/controllers/album_recommender_controller.rb:6:in `index'
  C:/ruby/lib/ruby/1.8/webrick/httpserver.rb:104:in `service'
  C:/ruby/lib/ruby/1.8/webrick/httpserver.rb:65:in `run'
  C:/ruby/lib/ruby/1.8/webrick/server.rb:173:in `start_thread'
  C:/ruby/lib/ruby/1.8/webrick/server.rb:162:in `start'
  C:/ruby/lib/ruby/1.8/webrick/server.rb:162:in `start_thread'
  C:/ruby/lib/ruby/1.8/webrick/server.rb:95:in `start'
  C:/ruby/lib/ruby/1.8/webrick/server.rb:92:in `each'
  C:/ruby/lib/ruby/1.8/webrick/server.rb:92:in `start'
  C:/ruby/lib/ruby/1.8/webrick/server.rb:23:in `start'
  C:/ruby/lib/ruby/1.8/webrick/server.rb:82:in `start'
  -e:1:in `load'
  -e:1

Rendered rescues/_trace (47.0ms)
Rendered rescues/_request_and_response (0.0ms)
Rendering rescues/layout (internal_server_error)


Processing AlbumRecommenderController#index (for 127.0.0.1 at 2010-09-02 16:38:09) [GET]
Rendering album_recommender/index
Completed in 1094ms (View: 0, DB: 0) | 200 OK [http://localhost/album_recommender]


Processing AlbumRecommenderController#index (for 127.0.0.1 at 2010-09-02 16:38:40) [GET]
Rendering album_recommender/index
Completed in 4078ms (View: 15, DB: 0) | 200 OK [http://localhost/album_recommender]


Processing AlbumRecommenderController#index (for 127.0.0.1 at 2010-09-02 16:39:05) [GET]
Rendering album_recommender/index
Completed in 891ms (View: 0, DB: 0) | 200 OK [http://localhost/album_recommender]


Processing AlbumRecommenderController#index (for 127.0.0.1 at 2010-09-02 16:39:14) [GET]
Rendering album_recommender/index
Completed in 922ms (View: 0, DB: 0) | 200 OK [http://localhost/album_recommender]


Processing AlbumRecommenderController#index (for 127.0.0.1 at 2010-09-02 16:39:41) [GET]
Rendering album_recommender/index
Completed in 890ms (View: 0, DB: 0) | 200 OK [http://localhost/album_recommender]


Processing AlbumRecommenderController#index (for 127.0.0.1 at 2010-09-02 16:39:44) [GET]
Rendering album_recommender/index
Completed in 704ms (View: 0, DB: 0) | 200 OK [http://localhost/album_recommender]


Processing AlbumRecommenderController#index (for 127.0.0.1 at 2010-09-02 16:39:45) [GET]
Rendering album_recommender/index
Completed in 578ms (View: 0, DB: 0) | 200 OK [http://localhost/album_recommender]


Processing AlbumRecommenderController#index (for 127.0.0.1 at 2010-09-02 16:39:46) [GET]
Rendering album_recommender/index
Completed in 812ms (View: 0, DB: 0) | 200 OK [http://localhost/album_recommender]


Processing AlbumRecommenderController#index (for 127.0.0.1 at 2010-09-02 16:39:48) [GET]
Rendering album_recommender/index
Completed in 875ms (View: 0, DB: 0) | 200 OK [http://localhost/album_recommender]


Processing AlbumRecommenderController#index (for 127.0.0.1 at 2010-09-02 16:39:49) [GET]
Rendering album_recommender/index
Completed in 875ms (View: 0, DB: 0) | 200 OK [http://localhost/album_recommender]


Processing AlbumRecommenderController#index (for 127.0.0.1 at 2010-09-02 16:40:22) [GET]
Rendering album_recommender/index
Completed in 734ms (View: 0, DB: 0) | 200 OK [http://localhost/album_recommender]


Processing AlbumRecommenderController#index (for 127.0.0.1 at 2010-09-02 16:40:30) [GET]
Rendering album_recommender/index
Completed in 735ms (View: 0, DB: 0) | 200 OK [http://localhost/album_recommender]


Processing AlbumRecommenderController#index (for 127.0.0.1 at 2010-09-02 16:40:37) [GET]
Rendering album_recommender/index
Completed in 1000ms (View: 16, DB: 0) | 200 OK [http://localhost/album_recommender]


Processing AlbumRecommenderController#index (for 127.0.0.1 at 2010-09-02 16:40:41) [GET]
Rendering album_recommender/index
Completed in 610ms (View: 0, DB: 0) | 200 OK [http://localhost/album_recommender]


Processing AlbumRecommenderController#index (for 127.0.0.1 at 2010-09-02 16:40:45) [GET]
Rendering album_recommender/index
Completed in 578ms (View: 16, DB: 0) | 200 OK [http://localhost/album_recommender]


Processing AlbumRecommenderController#index (for 127.0.0.1 at 2010-09-02 16:40:51) [GET]
Rendering album_recommender/index
Completed in 828ms (View: 0, DB: 0) | 200 OK [http://localhost/album_recommender]


Processing AlbumRecommenderController#index (for 127.0.0.1 at 2010-09-02 16:40:54) [GET]
Rendering album_recommender/index
Completed in 687ms (View: 0, DB: 0) | 200 OK [http://localhost/album_recommender]


Processing AlbumRecommenderController#index (for 127.0.0.1 at 2010-09-02 16:40:56) [GET]
Rendering album_recommender/index
Completed in 906ms (View: 0, DB: 0) | 200 OK [http://localhost/album_recommender]


Processing AlbumRecommenderController#index (for 127.0.0.1 at 2010-09-02 16:40:59) [GET]
Rendering album_recommender/index
Completed in 593ms (View: 0, DB: 0) | 200 OK [http://localhost/album_recommender]


Processing AlbumRecommenderController#index (for 127.0.0.1 at 2010-09-02 16:41:02) [GET]
Rendering album_recommender/index
Completed in 672ms (View: 0, DB: 0) | 200 OK [http://localhost/album_recommender]


Processing AlbumRecommenderController#index (for 127.0.0.1 at 2010-09-02 16:41:15) [GET]
Rendering album_recommender/index
Completed in 922ms (View: 0, DB: 0) | 200 OK [http://localhost/album_recommender]


Processing AlbumRecommenderController#index (for 127.0.0.1 at 2010-09-02 16:41:17) [GET]
Rendering album_recommender/index
Completed in 609ms (View: 0, DB: 0) | 200 OK [http://localhost/album_recommender]


Processing AlbumRecommenderController#index (for 127.0.0.1 at 2010-09-02 16:41:19) [GET]
Rendering album_recommender/index
Completed in 875ms (View: 0, DB: 0) | 200 OK [http://localhost/album_recommender]


Processing AlbumRecommenderController#index (for 127.0.0.1 at 2010-09-02 16:41:51) [GET]
Rendering album_recommender/index
Completed in 843ms (View: 0, DB: 0) | 200 OK [http://localhost/album_recommender]


Processing AlbumRecommenderController#index (for 127.0.0.1 at 2010-09-02 16:41:53) [GET]
Rendering album_recommender/index
Completed in 719ms (View: 0, DB: 0) | 200 OK [http://localhost/album_recommender]


Processing AlbumRecommenderController#index (for 127.0.0.1 at 2010-09-02 16:42:14) [GET]
Rendering album_recommender/index
Completed in 875ms (View: 0, DB: 0) | 200 OK [http://localhost/album_recommender]


Processing AlbumRecommenderController#index (for 127.0.0.1 at 2010-09-02 16:42:17) [GET]
Rendering album_recommender/index
Completed in 672ms (View: 0, DB: 0) | 200 OK [http://localhost/album_recommender]


Processing AlbumRecommenderController#index (for 127.0.0.1 at 2010-09-02 16:42:23) [GET]
Rendering album_recommender/index
Completed in 719ms (View: 0, DB: 0) | 200 OK [http://localhost/album_recommender]


Processing AlbumRecommenderController#index (for 127.0.0.1 at 2010-09-02 17:16:59) [GET]
Rendering album_recommender/index
Completed in 1641ms (View: 0, DB: 0) | 200 OK [http://localhost/album_recommender]


Processing AlbumRecommenderController#index (for 127.0.0.1 at 2010-09-02 17:17:10) [GET]
Rendering album_recommender/index
Completed in 1718ms (View: 0, DB: 0) | 200 OK [http://localhost/album_recommender]


Processing AlbumRecommenderController#index (for 127.0.0.1 at 2010-09-02 17:17:45) [GET]
Rendering album_recommender/index
Completed in 1578ms (View: 0, DB: 0) | 200 OK [http://localhost/album_recommender]


Processing AlbumRecommenderController#index (for 127.0.0.1 at 2010-09-02 17:18:23) [GET]
Rendering album_recommender/index
Completed in 4140ms (View: 93, DB: 0) | 200 OK [http://localhost/album_recommender]


Processing AlbumRecommenderController#index (for 127.0.0.1 at 2010-09-02 17:18:43) [GET]
Rendering album_recommender/index
Completed in 1000ms (View: 15, DB: 0) | 200 OK [http://localhost/album_recommender]


Processing AlbumRecommenderController#index (for 127.0.0.1 at 2010-09-02 17:18:47) [GET]
Rendering album_recommender/index
Completed in 1079ms (View: 0, DB: 0) | 200 OK [http://localhost/album_recommender]


Processing AlbumRecommenderController#index (for 127.0.0.1 at 2010-09-02 17:18:49) [GET]
Rendering album_recommender/index
Completed in 984ms (View: 0, DB: 0) | 200 OK [http://localhost/album_recommender]


Processing AlbumRecommenderController#index (for 127.0.0.1 at 2010-09-02 17:18:53) [GET]
Rendering album_recommender/index
Completed in 4704ms (View: 0, DB: 0) | 200 OK [http://localhost/album_recommender]


Processing AlbumRecommenderController#index (for 127.0.0.1 at 2010-09-02 17:19:40) [GET]
Rendering album_recommender/index
Completed in 1172ms (View: 0, DB: 0) | 200 OK [http://localhost/album_recommender]


Processing AlbumRecommenderController#index (for 127.0.0.1 at 2010-09-02 17:19:51) [GET]
Rendering album_recommender/index
Completed in 1218ms (View: 15, DB: 0) | 200 OK [http://localhost/album_recommender]


Processing AlbumRecommenderController#index (for 127.0.0.1 at 2010-09-02 17:19:56) [GET]
Rendering album_recommender/index
Completed in 1406ms (View: 0, DB: 0) | 200 OK [http://localhost/album_recommender]


Processing AlbumRecommenderController#index (for 127.0.0.1 at 2010-09-02 17:19:58) [GET]
Rendering album_recommender/index
Completed in 4438ms (View: 0, DB: 0) | 200 OK [http://localhost/album_recommender]


Processing AlbumRecommenderController#index (for 127.0.0.1 at 2010-09-02 17:20:04) [GET]
Rendering album_recommender/index
Completed in 1250ms (View: 0, DB: 0) | 200 OK [http://localhost/album_recommender]


Processing AlbumRecommenderController#index (for 127.0.0.1 at 2010-09-02 17:20:50) [GET]
Rendering album_recommender/index
Completed in 4281ms (View: 15, DB: 0) | 200 OK [http://localhost/album_recommender]


Processing AlbumRecommenderController#index (for 127.0.0.1 at 2010-09-02 17:20:58) [GET]
Rendering album_recommender/index
Completed in 922ms (View: 0, DB: 0) | 200 OK [http://localhost/album_recommender]


Processing AlbumRecommenderController#index (for 127.0.0.1 at 2010-09-02 17:21:00) [GET]
Rendering album_recommender/index
Completed in 1234ms (View: 0, DB: 0) | 200 OK [http://localhost/album_recommender]


Processing AlbumRecommenderController#index (for 127.0.0.1 at 2010-09-02 17:21:03) [GET]
Rendering album_recommender/index
Completed in 1547ms (View: 0, DB: 0) | 200 OK [http://localhost/album_recommender]


Processing AlbumRecommenderController#index (for 127.0.0.1 at 2010-09-02 17:21:56) [GET]
Rendering album_recommender/index
Completed in 1359ms (View: 0, DB: 0) | 200 OK [http://localhost/album_recommender]


Processing AlbumRecommenderController#index (for 127.0.0.1 at 2010-09-02 17:21:59) [GET]
Rendering album_recommender/index
Completed in 2110ms (View: 0, DB: 0) | 200 OK [http://localhost/album_recommender]


Processing AlbumRecommenderController#index (for 127.0.0.1 at 2010-09-02 17:22:06) [GET]
Rendering album_recommender/index
Completed in 1297ms (View: 0, DB: 0) | 200 OK [http://localhost/album_recommender]


Processing AlbumRecommenderController#index (for 127.0.0.1 at 2010-09-02 17:22:08) [GET]
Rendering album_recommender/index
Completed in 1468ms (View: 0, DB: 0) | 200 OK [http://localhost/album_recommender]


Processing AlbumRecommenderController#index (for 127.0.0.1 at 2010-09-02 17:22:52) [GET]
Rendering album_recommender/index
Completed in 1438ms (View: 0, DB: 0) | 200 OK [http://localhost/album_recommender]


Processing AlbumRecommenderController#index (for 127.0.0.1 at 2010-09-02 17:22:54) [GET]
Rendering album_recommender/index
Completed in 1328ms (View: 0, DB: 0) | 200 OK [http://localhost/album_recommender]


Processing AlbumRecommenderController#index (for 127.0.0.1 at 2010-09-02 17:23:00) [GET]
Rendering album_recommender/index
Completed in 1547ms (View: 0, DB: 0) | 200 OK [http://localhost/album_recommender]


Processing AlbumRecommenderController#index (for 127.0.0.1 at 2010-09-02 17:23:03) [GET]
Rendering album_recommender/index
Completed in 2922ms (View: 0, DB: 0) | 200 OK [http://localhost/album_recommender]


Processing AlbumRecommenderController#index (for 127.0.0.1 at 2010-09-02 17:26:28) [GET]
Rendering album_recommender/index
Completed in 3141ms (View: 16, DB: 0) | 200 OK [http://localhost/album_recommender]


Processing AlbumRecommenderController#index (for 127.0.0.1 at 2010-09-02 17:26:41) [GET]
Rendering album_recommender/index
Completed in 1750ms (View: 0, DB: 0) | 200 OK [http://localhost/album_recommender]


Processing AlbumRecommenderController#index (for 127.0.0.1 at 2010-09-02 17:26:46) [GET]
Rendering album_recommender/index
Completed in 1328ms (View: 0, DB: 0) | 200 OK [http://localhost/album_recommender]


Processing AlbumRecommenderController#index (for 127.0.0.1 at 2010-09-02 17:27:29) [GET]
Rendering album_recommender/index
Completed in 1063ms (View: 0, DB: 0) | 200 OK [http://localhost/album_recommender]


Processing AlbumRecommenderController#index (for 127.0.0.1 at 2010-09-02 17:34:41) [GET]
Rendering album_recommender/index
Completed in 2781ms (View: 219, DB: 0) | 200 OK [http://localhost/album_recommender]


Processing AlbumRecommenderController#index (for 127.0.0.1 at 2010-09-02 17:36:19) [GET]
Rendering album_recommender/index
Completed in 2500ms (View: 16, DB: 0) | 200 OK [http://localhost/]


Processing AlbumRecommenderController#index (for 127.0.0.1 at 2010-09-02 17:36:46) [GET]
Rendering album_recommender/index
Completed in 1907ms (View: 0, DB: 0) | 200 OK [http://localhost/]


Processing AlbumRecommenderController#index (for 127.0.0.1 at 2010-09-02 18:01:44) [GET]

NameError (uninitialized constant AlbumRecommenderController::Release):
  app/controllers/album_recommender_controller.rb:6:in `index'
  C:/ruby/lib/ruby/1.8/webrick/httpserver.rb:104:in `service'
  C:/ruby/lib/ruby/1.8/webrick/httpserver.rb:65:in `run'
  C:/ruby/lib/ruby/1.8/webrick/server.rb:173:in `start_thread'
  C:/ruby/lib/ruby/1.8/webrick/server.rb:162:in `start'
  C:/ruby/lib/ruby/1.8/webrick/server.rb:162:in `start_thread'
  C:/ruby/lib/ruby/1.8/webrick/server.rb:95:in `start'
  C:/ruby/lib/ruby/1.8/webrick/server.rb:92:in `each'
  C:/ruby/lib/ruby/1.8/webrick/server.rb:92:in `start'
  C:/ruby/lib/ruby/1.8/webrick/server.rb:23:in `start'
  C:/ruby/lib/ruby/1.8/webrick/server.rb:82:in `start'
  -e:1:in `load'
  -e:1

Rendered rescues/_trace (47.0ms)
Rendered rescues/_request_and_response (15.0ms)
Rendering rescues/layout (internal_server_error)


Processing AlbumRecommenderController#index (for 127.0.0.1 at 2010-09-02 18:01:50) [GET]

NameError (uninitialized constant AlbumRecommenderController::Release):
  app/controllers/album_recommender_controller.rb:6:in `index'
  C:/ruby/lib/ruby/1.8/webrick/httpserver.rb:104:in `service'
  C:/ruby/lib/ruby/1.8/webrick/httpserver.rb:65:in `run'
  C:/ruby/lib/ruby/1.8/webrick/server.rb:173:in `start_thread'
  C:/ruby/lib/ruby/1.8/webrick/server.rb:162:in `start'
  C:/ruby/lib/ruby/1.8/webrick/server.rb:162:in `start_thread'
  C:/ruby/lib/ruby/1.8/webrick/server.rb:95:in `start'
  C:/ruby/lib/ruby/1.8/webrick/server.rb:92:in `each'
  C:/ruby/lib/ruby/1.8/webrick/server.rb:92:in `start'
  C:/ruby/lib/ruby/1.8/webrick/server.rb:23:in `start'
  C:/ruby/lib/ruby/1.8/webrick/server.rb:82:in `start'
  -e:1:in `load'
  -e:1

Rendered rescues/_trace (47.0ms)
Rendered rescues/_request_and_response (0.0ms)
Rendering rescues/layout (internal_server_error)


Processing AlbumRecommenderController#index (for 127.0.0.1 at 2010-09-02 18:01:53) [GET]

NameError (uninitialized constant AlbumRecommenderController::Release):
  app/controllers/album_recommender_controller.rb:6:in `index'
  C:/ruby/lib/ruby/1.8/webrick/httpserver.rb:104:in `service'
  C:/ruby/lib/ruby/1.8/webrick/httpserver.rb:65:in `run'
  C:/ruby/lib/ruby/1.8/webrick/server.rb:173:in `start_thread'
  C:/ruby/lib/ruby/1.8/webrick/server.rb:162:in `start'
  C:/ruby/lib/ruby/1.8/webrick/server.rb:162:in `start_thread'
  C:/ruby/lib/ruby/1.8/webrick/server.rb:95:in `start'
  C:/ruby/lib/ruby/1.8/webrick/server.rb:92:in `each'
  C:/ruby/lib/ruby/1.8/webrick/server.rb:92:in `start'
  C:/ruby/lib/ruby/1.8/webrick/server.rb:23:in `start'
  C:/ruby/lib/ruby/1.8/webrick/server.rb:82:in `start'
  -e:1:in `load'
  -e:1

Rendered rescues/_trace (156.0ms)
Rendered rescues/_request_and_response (0.0ms)
Rendering rescues/layout (internal_server_error)


Processing AlbumRecommenderController#index (for 127.0.0.1 at 2010-09-02 18:01:55) [GET]

NameError (uninitialized constant AlbumRecommenderController::Release):
  app/controllers/album_recommender_controller.rb:6:in `index'
  C:/ruby/lib/ruby/1.8/webrick/httpserver.rb:104:in `service'
  C:/ruby/lib/ruby/1.8/webrick/httpserver.rb:65:in `run'
  C:/ruby/lib/ruby/1.8/webrick/server.rb:173:in `start_thread'
  C:/ruby/lib/ruby/1.8/webrick/server.rb:162:in `start'
  C:/ruby/lib/ruby/1.8/webrick/server.rb:162:in `start_thread'
  C:/ruby/lib/ruby/1.8/webrick/server.rb:95:in `start'
  C:/ruby/lib/ruby/1.8/webrick/server.rb:92:in `each'
  C:/ruby/lib/ruby/1.8/webrick/server.rb:92:in `start'
  C:/ruby/lib/ruby/1.8/webrick/server.rb:23:in `start'
  C:/ruby/lib/ruby/1.8/webrick/server.rb:82:in `start'
  -e:1:in `load'
  -e:1

Rendered rescues/_trace (47.0ms)
Rendered rescues/_request_and_response (0.0ms)
Rendering rescues/layout (internal_server_error)


Processing AlbumRecommenderController#index (for 127.0.0.1 at 2010-09-02 18:01:57) [GET]

NameError (uninitialized constant AlbumRecommenderController::Release):
  app/controllers/album_recommender_controller.rb:6:in `index'
  C:/ruby/lib/ruby/1.8/webrick/httpserver.rb:104:in `service'
  C:/ruby/lib/ruby/1.8/webrick/httpserver.rb:65:in `run'
  C:/ruby/lib/ruby/1.8/webrick/server.rb:173:in `start_thread'
  C:/ruby/lib/ruby/1.8/webrick/server.rb:162:in `start'
  C:/ruby/lib/ruby/1.8/webrick/server.rb:162:in `start_thread'
  C:/ruby/lib/ruby/1.8/webrick/server.rb:95:in `start'
  C:/ruby/lib/ruby/1.8/webrick/server.rb:92:in `each'
  C:/ruby/lib/ruby/1.8/webrick/server.rb:92:in `start'
  C:/ruby/lib/ruby/1.8/webrick/server.rb:23:in `start'
  C:/ruby/lib/ruby/1.8/webrick/server.rb:82:in `start'
  -e:1:in `load'
  -e:1

Rendered rescues/_trace (47.0ms)
Rendered rescues/_request_and_response (0.0ms)
Rendering rescues/layout (internal_server_error)


Processing AlbumRecommenderController#index (for 127.0.0.1 at 2010-09-02 18:02:13) [GET]
Rendering album_recommender/index
Completed in 2203ms (View: 0, DB: 0) | 200 OK [http://localhost/]


Processing AlbumRecommenderController#index (for 127.0.0.1 at 2010-09-02 18:02:17) [GET]
Rendering album_recommender/index
Completed in 1203ms (View: 0, DB: 0) | 200 OK [http://localhost/album_recommender]


Processing AlbumRecommenderController#index (for 127.0.0.1 at 2010-09-02 18:02:20) [GET]
Rendering album_recommender/index
Completed in 828ms (View: 0, DB: 0) | 200 OK [http://localhost/album_recommender]
